<?xml version="1.0" encoding="UTF-8"?>
<testng-results ignored="0" total="1" passed="1" failed="0" skipped="0">
  <reporter-output>
  </reporter-output>
  <suite started-at="2023-11-24T10:18:50 IST" name="Default suite" finished-at="2023-11-24T10:21:13 IST" duration-ms="142906">
    <groups>
    </groups>
    <test started-at="2023-11-24T10:18:50 IST" name="Default test" finished-at="2023-11-24T10:21:13 IST" duration-ms="142906">
      <class name="com.brokenLinks.Task">
        <test-method is-config="true" signature="Setup()[pri:0, instance:com.brokenLinks.Task@5a59ca5e]" started-at="2023-11-24T10:18:50 IST" name="Setup" finished-at="2023-11-24T10:18:58 IST" duration-ms="7731" status="PASS">
          <reporter-output>
          </reporter-output>
        </test-method> <!-- Setup -->
        <test-method signature="Patientcount()[pri:0, instance:com.brokenLinks.Task@5a59ca5e]" started-at="2023-11-24T10:18:58 IST" name="Patientcount" finished-at="2023-11-24T10:21:13 IST" duration-ms="135076" status="PASS">
          <reporter-output>
          </reporter-output>
        </test-method> <!-- Patientcount -->
      </class> <!-- com.brokenLinks.Task -->
    </test> <!-- Default test -->
  </suite> <!-- Default suite -->
</testng-results>
